2022-12-28 14:47:39.679  INFO 6256 --- [restartedMain] c.b.b.BookStoreAppApplication            : Starting BookStoreAppApplication using Java 18.0.2.1 on DESKTOP-4DL0KT5 with PID 6256 (C:\Users\manea\IdeaProjects\BookStoreSpringApp2\target\classes started by Phoenix in C:\Users\manea\IdeaProjects\BookStoreSpringApp2)
2022-12-28 14:47:39.717 DEBUG 6256 --- [restartedMain] c.b.b.BookStoreAppApplication            : Running with Spring Boot v2.7.0, Spring v5.3.20
2022-12-28 14:47:39.719  INFO 6256 --- [restartedMain] c.b.b.BookStoreAppApplication            : The following 1 profile is active: "dev"
2022-12-28 14:47:55.713  WARN 6256 --- [restartedMain] JpaBaseConfiguration$JpaWebConfiguration : spring.jpa.open-in-view is enabled by default. Therefore, database queries may be performed during view rendering. Explicitly configure spring.jpa.open-in-view to disable this warning
2022-12-28 14:47:56.422  WARN 6256 --- [restartedMain] ion$DefaultTemplateResolverConfiguration : Cannot find template location: classpath:/templates/ (please add some templates or check your Thymeleaf configuration)
2022-12-28 14:47:57.104  INFO 6256 --- [restartedMain] c.b.b.BookStoreAppApplication            : Started BookStoreAppApplication in 19.482 seconds (JVM running for 23.757)
2022-12-28 14:47:57.109  INFO 6256 --- [restartedMain] c.b.b.BookStoreAppApplication            : Book Store Application started in DEV Environment
2022-12-28 14:47:57.111  INFO 6256 --- [restartedMain] c.b.b.BookStoreAppApplication            : Book Store Application DB User is bookstoreuser2 
2022-12-28 15:23:58.782  WARN 6256 --- [http-nio-9094-exec-2] .m.m.a.ExceptionHandlerExceptionResolver : Resolved [com.bridgelabz.bookstoreapp.exception.BookStoreException: Cart details with UserId 19 does not exit..!]
2022-12-28 15:23:58.854  WARN 6256 --- [http-nio-9094-exec-4] .m.m.a.ExceptionHandlerExceptionResolver : Resolved [com.bridgelabz.bookstoreapp.exception.BookStoreException: Cart details with UserId 19 does not exit..!]
2022-12-28 15:25:35.275  WARN 6256 --- [http-nio-9094-exec-9] .m.m.a.ExceptionHandlerExceptionResolver : Resolved [com.bridgelabz.bookstoreapp.exception.BookStoreException: Cart details with UserId 19 does not exit..!]
2022-12-28 15:25:35.292  WARN 6256 --- [http-nio-9094-exec-3] .m.m.a.ExceptionHandlerExceptionResolver : Resolved [com.bridgelabz.bookstoreapp.exception.BookStoreException: Cart details with UserId 19 does not exit..!]
2022-12-28 15:25:35.833  WARN 6256 --- [http-nio-9094-exec-4] .m.m.a.ExceptionHandlerExceptionResolver : Resolved [com.bridgelabz.bookstoreapp.exception.BookStoreException: Cart details with UserId 18 does not exit..!]
2022-12-28 15:25:35.865  WARN 6256 --- [http-nio-9094-exec-5] .m.m.a.ExceptionHandlerExceptionResolver : Resolved [com.bridgelabz.bookstoreapp.exception.BookStoreException: Cart details with UserId 18 does not exit..!]
2022-12-28 15:26:29.734  WARN 6256 --- [http-nio-9094-exec-7] .m.m.a.ExceptionHandlerExceptionResolver : Resolved [com.bridgelabz.bookstoreapp.exception.BookStoreException: Cart details with UserId 18 does not exit..!]
2022-12-28 15:26:29.755  WARN 6256 --- [http-nio-9094-exec-8] .m.m.a.ExceptionHandlerExceptionResolver : Resolved [com.bridgelabz.bookstoreapp.exception.BookStoreException: Cart details with UserId 18 does not exit..!]
2022-12-28 15:30:34.568  WARN 6256 --- [http-nio-9094-exec-3] .m.m.a.ExceptionHandlerExceptionResolver : Resolved [com.bridgelabz.bookstoreapp.exception.BookStoreException: Cart details with UserId 18 does not exit..!]
2022-12-28 15:30:34.586  WARN 6256 --- [http-nio-9094-exec-2] .m.m.a.ExceptionHandlerExceptionResolver : Resolved [com.bridgelabz.bookstoreapp.exception.BookStoreException: Cart details with UserId 18 does not exit..!]
2022-12-28 15:30:37.139  WARN 6256 --- [http-nio-9094-exec-1] .m.m.a.ExceptionHandlerExceptionResolver : Resolved [com.bridgelabz.bookstoreapp.exception.BookStoreException: Cart details with UserId 18 does not exit..!]
2022-12-28 15:30:37.157  WARN 6256 --- [http-nio-9094-exec-5] .m.m.a.ExceptionHandlerExceptionResolver : Resolved [com.bridgelabz.bookstoreapp.exception.BookStoreException: Cart details with UserId 18 does not exit..!]
2022-12-28 15:34:10.557  INFO 7920 --- [restartedMain] c.b.b.BookStoreAppApplication            : Starting BookStoreAppApplication using Java 18.0.2.1 on DESKTOP-4DL0KT5 with PID 7920 (C:\Users\manea\IdeaProjects\BookStoreSpringApp2\target\classes started by Phoenix in C:\Users\manea\IdeaProjects\BookStoreSpringApp2)
2022-12-28 15:34:10.559 DEBUG 7920 --- [restartedMain] c.b.b.BookStoreAppApplication            : Running with Spring Boot v2.7.0, Spring v5.3.20
2022-12-28 15:34:10.560  INFO 7920 --- [restartedMain] c.b.b.BookStoreAppApplication            : The following 1 profile is active: "dev"
2022-12-28 15:34:15.946  WARN 7920 --- [restartedMain] JpaBaseConfiguration$JpaWebConfiguration : spring.jpa.open-in-view is enabled by default. Therefore, database queries may be performed during view rendering. Explicitly configure spring.jpa.open-in-view to disable this warning
2022-12-28 15:34:16.420  WARN 7920 --- [restartedMain] ion$DefaultTemplateResolverConfiguration : Cannot find template location: classpath:/templates/ (please add some templates or check your Thymeleaf configuration)
2022-12-28 15:34:16.795  INFO 7920 --- [restartedMain] c.b.b.BookStoreAppApplication            : Started BookStoreAppApplication in 6.866 seconds (JVM running for 8.497)
2022-12-28 15:34:16.799  INFO 7920 --- [restartedMain] c.b.b.BookStoreAppApplication            : Book Store Application started in DEV Environment
2022-12-28 15:34:16.801  INFO 7920 --- [restartedMain] c.b.b.BookStoreAppApplication            : Book Store Application DB User is bookstoreuser2 
2022-12-28 15:34:57.184  INFO 7920 --- [http-nio-9094-exec-2] c.b.bookstoreapp.service.CartService     : Item added to cart!
2022-12-28 15:34:59.029  INFO 7920 --- [http-nio-9094-exec-7] c.b.bookstoreapp.service.CartService     : Item added to cart!
2022-12-28 15:42:57.559  WARN 7920 --- [http-nio-9094-exec-10] .m.m.a.ExceptionHandlerExceptionResolver : Resolved [com.bridgelabz.bookstoreapp.exception.BookStoreException: Cart details with UserId 18 does not exit..!]
2022-12-28 15:42:57.568  WARN 7920 --- [http-nio-9094-exec-2] .m.m.a.ExceptionHandlerExceptionResolver : Resolved [com.bridgelabz.bookstoreapp.exception.BookStoreException: Cart details with UserId 18 does not exit..!]
2022-12-28 15:44:13.791  INFO 9596 --- [restartedMain] c.b.b.BookStoreAppApplication            : Starting BookStoreAppApplication using Java 18.0.2.1 on DESKTOP-4DL0KT5 with PID 9596 (C:\Users\manea\IdeaProjects\BookStoreSpringApp2\target\classes started by Phoenix in C:\Users\manea\IdeaProjects\BookStoreSpringApp2)
2022-12-28 15:44:13.794 DEBUG 9596 --- [restartedMain] c.b.b.BookStoreAppApplication            : Running with Spring Boot v2.7.0, Spring v5.3.20
2022-12-28 15:44:13.795  INFO 9596 --- [restartedMain] c.b.b.BookStoreAppApplication            : The following 1 profile is active: "dev"
2022-12-28 15:44:19.197  WARN 9596 --- [restartedMain] JpaBaseConfiguration$JpaWebConfiguration : spring.jpa.open-in-view is enabled by default. Therefore, database queries may be performed during view rendering. Explicitly configure spring.jpa.open-in-view to disable this warning
2022-12-28 15:44:19.692  WARN 9596 --- [restartedMain] ion$DefaultTemplateResolverConfiguration : Cannot find template location: classpath:/templates/ (please add some templates or check your Thymeleaf configuration)
2022-12-28 15:44:20.070  INFO 9596 --- [restartedMain] c.b.b.BookStoreAppApplication            : Started BookStoreAppApplication in 6.95 seconds (JVM running for 8.131)
2022-12-28 15:44:20.075  INFO 9596 --- [restartedMain] c.b.b.BookStoreAppApplication            : Book Store Application started in DEV Environment
2022-12-28 15:44:20.076  INFO 9596 --- [restartedMain] c.b.b.BookStoreAppApplication            : Book Store Application DB User is bookstoreuser2 
2022-12-28 15:46:01.920  WARN 9596 --- [http-nio-9094-exec-1] .m.m.a.ExceptionHandlerExceptionResolver : Resolved [com.bridgelabz.bookstoreapp.exception.BookStoreException: Cart details with UserId 18 does not exit..!]
2022-12-28 15:46:01.932  WARN 9596 --- [http-nio-9094-exec-3] .m.m.a.ExceptionHandlerExceptionResolver : Resolved [com.bridgelabz.bookstoreapp.exception.BookStoreException: Cart details with UserId 18 does not exit..!]
2022-12-28 15:46:03.652  INFO 9596 --- [http-nio-9094-exec-5] c.b.bookstoreapp.service.CartService     : Item added to cart!
2022-12-28 15:46:04.777  INFO 9596 --- [http-nio-9094-exec-10] c.b.bookstoreapp.service.CartService     : Item added to cart!
2022-12-28 15:46:39.480  WARN 9596 --- [http-nio-9094-exec-1] .m.m.a.ExceptionHandlerExceptionResolver : Resolved [com.bridgelabz.bookstoreapp.exception.BookStoreException: Cart details with UserId 18 does not exit..!]
2022-12-28 15:46:39.494  WARN 9596 --- [http-nio-9094-exec-2] .m.m.a.ExceptionHandlerExceptionResolver : Resolved [com.bridgelabz.bookstoreapp.exception.BookStoreException: Cart details with UserId 18 does not exit..!]
2022-12-28 15:49:07.995  WARN 9596 --- [http-nio-9094-exec-10] .m.m.a.ExceptionHandlerExceptionResolver : Resolved [com.bridgelabz.bookstoreapp.exception.BookStoreException: Cart details with UserId 18 does not exit..!]
2022-12-28 15:49:08.006  WARN 9596 --- [http-nio-9094-exec-2] .m.m.a.ExceptionHandlerExceptionResolver : Resolved [com.bridgelabz.bookstoreapp.exception.BookStoreException: Cart details with UserId 18 does not exit..!]
2022-12-28 15:49:15.255  INFO 9596 --- [http-nio-9094-exec-4] c.b.bookstoreapp.service.CartService     : Item added to cart!
2022-12-28 15:49:17.040  INFO 9596 --- [http-nio-9094-exec-9] c.b.bookstoreapp.service.CartService     : Item added to cart!
2022-12-28 15:49:18.334  INFO 9596 --- [http-nio-9094-exec-4] c.b.bookstoreapp.service.CartService     : Item added to cart!
2022-12-28 15:49:46.793  WARN 9596 --- [http-nio-9094-exec-1] .m.m.a.ExceptionHandlerExceptionResolver : Resolved [com.bridgelabz.bookstoreapp.exception.BookStoreException: Cart details with UserId 18 does not exit..!]
2022-12-28 15:49:46.810  WARN 9596 --- [http-nio-9094-exec-2] .m.m.a.ExceptionHandlerExceptionResolver : Resolved [com.bridgelabz.bookstoreapp.exception.BookStoreException: Cart details with UserId 18 does not exit..!]
2022-12-28 15:56:16.227  INFO 11420 --- [restartedMain] c.b.b.BookStoreAppApplication            : Starting BookStoreAppApplication using Java 18.0.2.1 on DESKTOP-4DL0KT5 with PID 11420 (C:\Users\manea\IdeaProjects\BookStoreSpringApp2\target\classes started by Phoenix in C:\Users\manea\IdeaProjects\BookStoreSpringApp2)
2022-12-28 15:56:16.229 DEBUG 11420 --- [restartedMain] c.b.b.BookStoreAppApplication            : Running with Spring Boot v2.7.0, Spring v5.3.20
2022-12-28 15:56:16.231  INFO 11420 --- [restartedMain] c.b.b.BookStoreAppApplication            : The following 1 profile is active: "dev"
2022-12-28 15:56:21.882  WARN 11420 --- [restartedMain] JpaBaseConfiguration$JpaWebConfiguration : spring.jpa.open-in-view is enabled by default. Therefore, database queries may be performed during view rendering. Explicitly configure spring.jpa.open-in-view to disable this warning
2022-12-28 15:56:22.368  WARN 11420 --- [restartedMain] ion$DefaultTemplateResolverConfiguration : Cannot find template location: classpath:/templates/ (please add some templates or check your Thymeleaf configuration)
2022-12-28 15:56:22.766  INFO 11420 --- [restartedMain] c.b.b.BookStoreAppApplication            : Started BookStoreAppApplication in 7.115 seconds (JVM running for 8.237)
2022-12-28 15:56:22.771  INFO 11420 --- [restartedMain] c.b.b.BookStoreAppApplication            : Book Store Application started in DEV Environment
2022-12-28 15:56:22.774  INFO 11420 --- [restartedMain] c.b.b.BookStoreAppApplication            : Book Store Application DB User is bookstoreuser2 
